<?xml version="1.0" encoding="UTF-8"?>
<!-- Generated by org.testng.reporters.JUnitReportReporter -->
<testsuite hostname="BA-000311899" failures="0" tests="1" name="Table_Sorting.Table_Sorting_JavaStrem" time="1.713" errors="0" timestamp="2023-11-14T15:41:58 IST" skipped="0">
  <testcase classname="Table_Sorting.Table_Sorting_JavaStrem" name="getTableValues" time="1.713"/>
  <system-out/>
</testsuite> <!-- Table_Sorting.Table_Sorting_JavaStrem -->
