<?xml version="1.0" encoding="UTF-8"?>
<!-- Generated by org.testng.reporters.JUnitReportReporter -->
<testsuite hostname="BA-000311899" failures="0" tests="1" name="Limiting_WebDriver_Scope.AssingMent_Not_HardCoded" time="4.798" errors="0" timestamp="2023-11-08T19:54:06 IST" skipped="0">
  <testcase classname="Limiting_WebDriver_Scope.AssingMent_Not_HardCoded" name="hard" time="4.798"/>
  <system-out/>
</testsuite> <!-- Limiting_WebDriver_Scope.AssingMent_Not_HardCoded -->
