<?xml version="1.0" encoding="UTF-8"?>
<!-- Generated by org.testng.reporters.JUnitReportReporter -->
<testsuite hostname="BA-000311899" failures="0" tests="3" name="TestNG_FrameWork.Test2" time="0.011" errors="0" timestamp="2023-11-16T16:42:47 IST" skipped="0">
  <testcase classname="TestNG_FrameWork.Test2" name="test6" time="0.003"/>
  <system-out/>
  <testcase classname="TestNG_FrameWork.Test2" name="test4" time="0.004"/>
  <system-out/>
  <testcase classname="TestNG_FrameWork.Test2" name="test5" time="0.004"/>
  <system-out/>
</testsuite> <!-- TestNG_FrameWork.Test2 -->
