<?xml version="1.0" encoding="UTF-8"?>
<!-- Generated by org.testng.reporters.JUnitReportReporter -->
<testsuite hostname="BA-000311899" failures="0" tests="4" name="TestNG_FrameWork.BeforeClass_AfterClass" time="0.028" errors="0" timestamp="2023-11-16T16:42:47 IST" skipped="0">
  <testcase classname="TestNG_FrameWork.BeforeClass_AfterClass" name="tes3" time="0.006"/>
  <system-out/>
  <testcase classname="TestNG_FrameWork.BeforeClass_AfterClass" name="tes2" time="0.007"/>
  <system-out/>
  <testcase classname="TestNG_FrameWork.BeforeClass_AfterClass" name="tes4" time="0.010"/>
  <system-out/>
  <testcase classname="TestNG_FrameWork.BeforeClass_AfterClass" name="tes1" time="0.005"/>
  <system-out/>
</testsuite> <!-- TestNG_FrameWork.BeforeClass_AfterClass -->
