<?xml version="1.0" encoding="UTF-8"?>
<!-- Generated by org.testng.reporters.JUnitReportReporter -->
<testsuite hostname="BA-000311899" failures="0" tests="1" name="Automation.Udemy_Practice.GetLinks" time="5.693" errors="0" timestamp="2023-11-08T18:41:07 IST" skipped="0">
  <testcase classname="Automation.Udemy_Practice.GetLinks" name="links" time="5.693"/>
  <system-out/>
</testsuite> <!-- Automation.Udemy_Practice.GetLinks -->
