<?xml version="1.0" encoding="UTF-8"?>
<!-- Generated by org.testng.reporters.JUnitReportReporter -->
<testsuite hostname="BA-000311899" failures="0" tests="1" name="InsecureHTTPS_Handle.InsecureWindow_Handling" time="1.811" errors="0" timestamp="2023-11-09T19:25:31 IST" skipped="0">
  <testcase classname="InsecureHTTPS_Handle.InsecureWindow_Handling" name="insecure" time="1.811"/>
  <system-out/>
</testsuite> <!-- InsecureHTTPS_Handle.InsecureWindow_Handling -->
