<?xml version="1.0" encoding="UTF-8"?>
<!-- Generated by org.testng.reporters.JUnitReportReporter -->
<testsuite hostname="BA-000311899" failures="0" tests="1" name="Automation.Udemy_Practice.GetLinks_LinksCount" time="5.121" errors="0" timestamp="2023-11-08T18:50:07 IST" skipped="0">
  <testcase classname="Automation.Udemy_Practice.GetLinks_LinksCount" name="links" time="5.121"/>
  <system-out/>
</testsuite> <!-- Automation.Udemy_Practice.GetLinks_LinksCount -->
