<?xml version="1.0" encoding="UTF-8"?>
<!-- Generated by org.testng.reporters.JUnitReportReporter -->
<testsuite hostname="BA-000311899" failures="0" tests="3" name="TestNG_FrameWork.Dependces" time="0.030" errors="0" timestamp="2023-11-16T16:42:47 IST" skipped="0">
  <testcase classname="TestNG_FrameWork.Dependces" name="test1" time="0.006"/>
  <system-out/>
  <testcase classname="TestNG_FrameWork.Dependces" name="test2" time="0.019"/>
  <system-out/>
  <testcase classname="TestNG_FrameWork.Dependces" name="test3" time="0.005"/>
  <system-out/>
</testsuite> <!-- TestNG_FrameWork.Dependces -->
