<?xml version="1.0" encoding="UTF-8"?>
<!-- Generated by org.testng.reporters.JUnitReportReporter -->
<testsuite hostname="BA-000311899" failures="0" tests="1" name="InsecureHTTPS_Plugins_Screenshots.Take_ScreenShots" time="2.652" errors="0" timestamp="2023-11-10T09:03:57 IST" skipped="0">
  <testcase classname="InsecureHTTPS_Plugins_Screenshots.Take_ScreenShots" name="screenshot" time="2.652"/>
  <system-out/>
</testsuite> <!-- InsecureHTTPS_Plugins_Screenshots.Take_ScreenShots -->
