<?xml version="1.0" encoding="UTF-8"?>
<!-- Generated by org.testng.reporters.JUnitReportReporter -->
<testsuite hostname="BA-000311899" failures="0" tests="1" name="Automation.Udemy_Practice.Calander_Handling" time="8.319" errors="0" timestamp="2023-11-09T08:36:47 IST" skipped="0">
  <testcase classname="Automation.Udemy_Practice.Calander_Handling" name="calander" time="8.319"/>
  <system-out/>
</testsuite> <!-- Automation.Udemy_Practice.Calander_Handling -->
