<?xml version="1.0" encoding="UTF-8"?>
<!-- Generated by org.testng.reporters.JUnitReportReporter -->
<testsuite hostname="BA-000311899" failures="0" tests="1" name="TestNG_FrameWork.TestNG_Parameterized" time="0.122" errors="0" timestamp="2023-11-16T14:02:20 IST" skipped="0">
  <testcase classname="TestNG_FrameWork.TestNG_Parameterized" name="mainTest" time="0.122"/>
  <system-out/>
</testsuite> <!-- TestNG_FrameWork.TestNG_Parameterized -->
