<?xml version="1.0" encoding="UTF-8"?>
<!-- Generated by org.testng.reporters.JUnitReportReporter -->
<testsuite hostname="BA-000311899" failures="0" tests="4" name="TestNG_FrameWork.Groups" time="0.014" errors="0" timestamp="2023-11-16T09:16:33 IST" skipped="0">
  <testcase classname="TestNG_FrameWork.Groups" name="tes4" time="0.005"/>
  <system-out/>
  <testcase classname="TestNG_FrameWork.Groups" name="tes2" time="0.002"/>
  <system-out/>
  <testcase classname="TestNG_FrameWork.Groups" name="tes1" time="0.003"/>
  <system-out/>
  <testcase classname="TestNG_FrameWork.Groups" name="tes3" time="0.004"/>
  <system-out/>
</testsuite> <!-- TestNG_FrameWork.Groups -->
