<?xml version="1.0" encoding="UTF-8"?>
<!-- Generated by org.testng.reporters.JUnitReportReporter -->
<testsuite hostname="BA-000311899" failures="0" tests="1" name="Limiting_WebDriver_Scope.GetLinks_LinksCount" time="27.017" errors="0" timestamp="2023-11-08T19:28:52 IST" skipped="0">
  <testcase classname="Limiting_WebDriver_Scope.GetLinks_LinksCount" name="links" time="27.017"/>
  <system-out/>
</testsuite> <!-- Limiting_WebDriver_Scope.GetLinks_LinksCount -->
