<?xml version="1.0" encoding="UTF-8"?>
<!-- Generated by org.testng.reporters.JUnitReportReporter -->
<testsuite hostname="BA-000311899" failures="0" tests="1" name="Automation.Udemy_Practice.AssignMent_TableHandling" time="4.809" errors="0" timestamp="2023-11-09T14:48:47 IST" skipped="0">
  <testcase classname="Automation.Udemy_Practice.AssignMent_TableHandling" name="Table" time="4.809"/>
  <system-out/>
</testsuite> <!-- Automation.Udemy_Practice.AssignMent_TableHandling -->
