<?xml version="1.0" encoding="UTF-8"?>
<!-- Generated by org.testng.reporters.JUnitReportReporter -->
<testsuite hostname="BA-000311899" failures="0" tests="3" name="TestNG_FrameWork.Enabled" time="0.019" errors="0" timestamp="2023-11-16T11:31:45 IST" skipped="1">
  <testcase classname="TestNG_FrameWork.Enabled" name="test3" time="0.004"/>
  <system-out/>
  <testcase classname="TestNG_FrameWork.Enabled" name="test1" time="0.015"/>
  <system-out/>
  <testcase classname="TestNG_FrameWork.Enabled" name="test2">
    <skipped/>
  </testcase> <!-- test2 -->
  <system-out/>
</testsuite> <!-- TestNG_FrameWork.Enabled -->
