<?xml version="1.0" encoding="UTF-8"?>
<!-- Generated by org.testng.reporters.JUnitReportReporter -->
<testsuite hostname="BA-000311899" failures="0" tests="1" name="Automation.Udemy_Practice.Practice" time="9.381" errors="0" timestamp="2023-11-08T15:19:40 IST" skipped="0">
  <testcase classname="Automation.Udemy_Practice.Practice" name="multiWindows" time="9.381"/>
  <system-out/>
</testsuite> <!-- Automation.Udemy_Practice.Practice -->
