<?xml version="1.0" encoding="UTF-8"?>
<!-- Generated by org.testng.reporters.JUnitReportReporter -->
<testsuite hostname="BA-000311899" failures="0" tests="1" name="Automation.Udemy_Practice.Assignment_WindowHandling" time="10.370" errors="0" timestamp="2023-11-08T15:08:35 IST" skipped="0">
  <testcase classname="Automation.Udemy_Practice.Assignment_WindowHandling" name="openingWindow" time="10.370"/>
  <system-out/>
</testsuite> <!-- Automation.Udemy_Practice.Assignment_WindowHandling -->
