<?xml version="1.0" encoding="UTF-8"?>
<!-- Generated by org.testng.reporters.JUnitReportReporter -->
<testsuite hostname="BA-000311899" failures="0" tests="1" name="InsecureHTTPS_Plugins_Screenshots.Finding_Broken_Links" time="4.103" errors="0" timestamp="2023-11-13T11:15:24 IST" skipped="0">
  <testcase classname="InsecureHTTPS_Plugins_Screenshots.Finding_Broken_Links" name="findingBrokenLinks" time="4.103"/>
  <system-out/>
</testsuite> <!-- InsecureHTTPS_Plugins_Screenshots.Finding_Broken_Links -->
