<?xml version="1.0" encoding="UTF-8"?>
<!-- Generated by org.testng.reporters.JUnitReportReporter -->
<testsuite hostname="BA-000311899" failures="0" tests="1" name="AssignMents.AssignMents_AutoSugastions" time="6.581" errors="0" timestamp="2023-11-09T15:30:00 IST" skipped="0">
  <testcase classname="AssignMents.AssignMents_AutoSugastions" name="auto" time="6.581"/>
  <system-out/>
</testsuite> <!-- AssignMents.AssignMents_AutoSugastions -->
