<?xml version="1.0" encoding="UTF-8"?>
<!-- Generated by org.testng.reporters.JUnitReportReporter -->
<testsuite hostname="BA-000311899" failures="0" tests="3" name="TestNG_FrameWork.TimeOut" time="5.118" errors="0" timestamp="2023-11-16T11:35:21 IST" skipped="0">
  <testcase classname="TestNG_FrameWork.TimeOut" name="test2" time="0.003"/>
  <system-out/>
  <testcase classname="TestNG_FrameWork.TimeOut" name="test3" time="0.006"/>
  <system-out/>
  <testcase classname="TestNG_FrameWork.TimeOut" name="test1" time="5.109"/>
  <system-out/>
</testsuite> <!-- TestNG_FrameWork.TimeOut -->
