<?xml version="1.0" encoding="UTF-8"?>
<!-- Generated by org.testng.reporters.JUnitReportReporter -->
<testsuite hostname="BA-000311899" failures="0" tests="1" name="TestNG_FrameWork.Test2" time="0.075" errors="0" timestamp="2023-11-16T09:16:33 IST" skipped="0">
  <testcase classname="TestNG_FrameWork.Test2" name="test5" time="0.075"/>
  <system-out/>
</testsuite> <!-- TestNG_FrameWork.Test2 -->
