<?xml version="1.0" encoding="UTF-8"?>
<!-- Generated by org.testng.reporters.JUnitReportReporter -->
<testsuite hostname="BA-000311899" failures="0" tests="4" name="TestNG_FrameWork.DataProvider" time="0.024" errors="0" timestamp="2023-11-16T16:42:47 IST" skipped="0">
  <testcase classname="TestNG_FrameWork.DataProvider" name="test1" time="0.007"/>
  <system-out/>
  <testcase classname="TestNG_FrameWork.DataProvider" name="test2" time="0.005"/>
  <system-out/>
  <testcase classname="TestNG_FrameWork.DataProvider" name="test1" time="0.006"/>
  <system-out/>
  <testcase classname="TestNG_FrameWork.DataProvider" name="test1" time="0.006"/>
  <system-out/>
</testsuite> <!-- TestNG_FrameWork.DataProvider -->
