<?xml version="1.0" encoding="UTF-8"?>
<!-- Generated by org.testng.reporters.JUnitReportReporter -->
<testsuite hostname="BA-000311899" failures="0" tests="1" name="Automation.Udemy_Practice.Assignment_Iframes" time="9.945" errors="0" timestamp="2023-11-08T15:56:02 IST" skipped="0">
  <testcase classname="Automation.Udemy_Practice.Assignment_Iframes" name="iframes" time="9.945"/>
  <system-out/>
</testsuite> <!-- Automation.Udemy_Practice.Assignment_Iframes -->
