<?xml version="1.0" encoding="UTF-8"?>
<!-- Generated by org.testng.reporters.JUnitReportReporter -->
<testsuite hostname="BA-000311899" failures="0" tests="1" name="Automation.Udemy_Practice.Window_Handling" time="9.154" errors="0" timestamp="2023-11-07T19:33:39 IST" skipped="0">
  <testcase classname="Automation.Udemy_Practice.Window_Handling" name="window" time="9.154"/>
  <system-out/>
</testsuite> <!-- Automation.Udemy_Practice.Window_Handling -->
