<?xml version="1.0" encoding="UTF-8"?>
<!-- Generated by org.testng.reporters.JUnitReportReporter -->
<testsuite hostname="BA-000311899" failures="0" tests="1" name="TestNG_FrameWork.Testng_Annotations_Sequence" time="0.069" errors="0" timestamp="2023-11-16T08:48:19 IST" skipped="0">
  <testcase classname="TestNG_FrameWork.Testng_Annotations_Sequence" name="test" time="0.069"/>
  <system-out/>
</testsuite> <!-- TestNG_FrameWork.Testng_Annotations_Sequence -->
